<?xml version="1.0" encoding="UTF-8"?>
<!-- Generated by org.testng.reporters.JUnitReportReporter -->
<testsuite skipped="0" hostname="KI-LAPTOP174" name="Cucumber.RunCukesTest" tests="1" failures="0" timestamp="2022-08-14T18:49:15 IST" time="6.161" errors="0">
  <testcase name="runCukes" time="6.161" classname="Cucumber.RunCukesTest"/>
  <system-out/>
</testsuite> <!-- Cucumber.RunCukesTest -->
